<?xml version="1.0" encoding="UTF-8"?>
<testsuite xmlns:xsi="http://www.w3.org/2001/XMLSchema-instance" xsi:noNamespaceSchemaLocation="https://maven.apache.org/surefire/maven-surefire-plugin/xsd/surefire-test-report.xsd" name="TestSuite" time="23.385" tests="40" errors="0" skipped="0" failures="2">
  <properties>
    <property name="sun.desktop" value="windows"/>
    <property name="awt.toolkit" value="sun.awt.windows.WToolkit"/>
    <property name="file.encoding.pkg" value="sun.io"/>
    <property name="java.specification.version" value="1.8"/>
    <property name="sun.cpu.isalist" value="amd64"/>
    <property name="sun.jnu.encoding" value="GBK"/>
    <property name="java.class.path" value="D:\lemon\lemon_class\APIcode\Myapiproject\target\test-classes;D:\lemon\lemon_class\APIcode\Myapiproject\target\classes;D:\m2\repository\io\rest-assured\rest-assured\4.2.0\rest-assured-4.2.0.jar;D:\m2\repository\org\codehaus\groovy\groovy\2.5.8\groovy-2.5.8.jar;D:\m2\repository\org\codehaus\groovy\groovy-xml\2.5.8\groovy-xml-2.5.8.jar;D:\m2\repository\org\apache\httpcomponents\httpclient\4.5.3\httpclient-4.5.3.jar;D:\m2\repository\org\apache\httpcomponents\httpcore\4.4.6\httpcore-4.4.6.jar;D:\m2\repository\commons-logging\commons-logging\1.2\commons-logging-1.2.jar;D:\m2\repository\commons-codec\commons-codec\1.9\commons-codec-1.9.jar;D:\m2\repository\org\apache\httpcomponents\httpmime\4.5.3\httpmime-4.5.3.jar;D:\m2\repository\org\hamcrest\hamcrest\2.1\hamcrest-2.1.jar;D:\m2\repository\org\ccil\cowan\tagsoup\tagsoup\1.2.1\tagsoup-1.2.1.jar;D:\m2\repository\io\rest-assured\json-path\4.2.0\json-path-4.2.0.jar;D:\m2\repository\org\codehaus\groovy\groovy-json\2.5.8\groovy-json-2.5.8.jar;D:\m2\repository\io\rest-assured\rest-assured-common\4.2.0\rest-assured-common-4.2.0.jar;D:\m2\repository\io\rest-assured\xml-path\4.2.0\xml-path-4.2.0.jar;D:\m2\repository\jakarta\xml\bind\jakarta.xml.bind-api\2.3.2\jakarta.xml.bind-api-2.3.2.jar;D:\m2\repository\jakarta\activation\jakarta.activation-api\1.2.1\jakarta.activation-api-1.2.1.jar;D:\m2\repository\com\sun\xml\bind\jaxb-osgi\2.3.0.1\jaxb-osgi-2.3.0.1.jar;D:\m2\repository\org\apache\sling\org.apache.sling.javax.activation\0.1.0\org.apache.sling.javax.activation-0.1.0.jar;D:\m2\repository\javax\activation\activation\1.1.1\activation-1.1.1.jar;D:\m2\repository\org\testng\testng\7.0.0\testng-7.0.0.jar;D:\m2\repository\com\beust\jcommander\1.72\jcommander-1.72.jar;D:\m2\repository\cn\afterturn\easypoi-annotation\4.2.0\easypoi-annotation-4.2.0.jar;D:\m2\repository\cn\afterturn\easypoi-base\4.2.0\easypoi-base-4.2.0.jar;D:\m2\repository\org\apache\poi\poi\4.1.1\poi-4.1.1.jar;D:\m2\repository\org\apache\commons\commons-collections4\4.4\commons-collections4-4.4.jar;D:\m2\repository\org\apache\commons\commons-math3\3.6.1\commons-math3-3.6.1.jar;D:\m2\repository\org\apache\poi\poi-ooxml\4.1.1\poi-ooxml-4.1.1.jar;D:\m2\repository\org\apache\commons\commons-compress\1.19\commons-compress-1.19.jar;D:\m2\repository\com\github\virtuald\curvesapi\1.06\curvesapi-1.06.jar;D:\m2\repository\org\apache\poi\poi-ooxml-schemas\4.1.1\poi-ooxml-schemas-4.1.1.jar;D:\m2\repository\org\apache\xmlbeans\xmlbeans\3.1.0\xmlbeans-3.1.0.jar;D:\m2\repository\com\google\guava\guava\16.0.1\guava-16.0.1.jar;D:\m2\repository\org\apache\commons\commons-lang3\3.2.1\commons-lang3-3.2.1.jar;D:\m2\repository\ognl\ognl\3.2.6\ognl-3.2.6.jar;D:\m2\repository\org\javassist\javassist\3.20.0-GA\javassist-3.20.0-GA.jar;D:\m2\repository\org\slf4j\slf4j-api\1.6.1\slf4j-api-1.6.1.jar;D:\m2\repository\javax\validation\validation-api\1.1.0.Final\validation-api-1.1.0.Final.jar;D:\m2\repository\com\alibaba\fastjson\1.2.58\fastjson-1.2.58.jar;D:\m2\repository\mysql\mysql-connector-java\5.1.38\mysql-connector-java-5.1.38.jar;D:\m2\repository\commons-dbutils\commons-dbutils\1.6\commons-dbutils-1.6.jar;D:\m2\repository\io\qameta\allure\allure-testng\2.12.1\allure-testng-2.12.1.jar;D:\m2\repository\io\qameta\allure\allure-java-commons\2.12.1\allure-java-commons-2.12.1.jar;D:\m2\repository\io\qameta\allure\allure-model\2.12.1\allure-model-2.12.1.jar;D:\m2\repository\com\fasterxml\jackson\core\jackson-databind\2.9.8\jackson-databind-2.9.8.jar;D:\m2\repository\com\fasterxml\jackson\core\jackson-annotations\2.9.0\jackson-annotations-2.9.0.jar;D:\m2\repository\com\fasterxml\jackson\core\jackson-core\2.9.8\jackson-core-2.9.8.jar;D:\m2\repository\org\apache\tika\tika-core\1.20\tika-core-1.20.jar;D:\m2\repository\org\jooq\joor-java-8\0.9.10\joor-java-8-0.9.10.jar;D:\m2\repository\com\rsa\rsa\1.0\rsa-1.0.jar;"/>
    <property name="java.vm.vendor" value="Oracle Corporation"/>
    <property name="sun.arch.data.model" value="64"/>
    <property name="user.variant" value=""/>
    <property name="java.vendor.url" value="http://java.oracle.com/"/>
    <property name="user.timezone" value="Asia/Shanghai"/>
    <property name="java.vm.specification.version" value="1.8"/>
    <property name="os.name" value="Windows 10"/>
    <property name="user.country" value="CN"/>
    <property name="sun.java.launcher" value="SUN_STANDARD"/>
    <property name="sun.boot.library.path" value="C:\Program Files\Java\jdk1.8.0_231\jre\bin"/>
    <property name="sun.java.command" value="C:\Users\PennSun\AppData\Local\Temp\surefire1844706745856452113\surefirebooter2668829091819790819.jar C:\Users\PennSun\AppData\Local\Temp\surefire1844706745856452113 2021-05-04T22-52-39_511-jvmRun1 surefire3464950513146584666tmp surefire_03700961994554795019tmp"/>
    <property name="surefire.test.class.path" value="D:\lemon\lemon_class\APIcode\Myapiproject\target\test-classes;D:\lemon\lemon_class\APIcode\Myapiproject\target\classes;D:\m2\repository\io\rest-assured\rest-assured\4.2.0\rest-assured-4.2.0.jar;D:\m2\repository\org\codehaus\groovy\groovy\2.5.8\groovy-2.5.8.jar;D:\m2\repository\org\codehaus\groovy\groovy-xml\2.5.8\groovy-xml-2.5.8.jar;D:\m2\repository\org\apache\httpcomponents\httpclient\4.5.3\httpclient-4.5.3.jar;D:\m2\repository\org\apache\httpcomponents\httpcore\4.4.6\httpcore-4.4.6.jar;D:\m2\repository\commons-logging\commons-logging\1.2\commons-logging-1.2.jar;D:\m2\repository\commons-codec\commons-codec\1.9\commons-codec-1.9.jar;D:\m2\repository\org\apache\httpcomponents\httpmime\4.5.3\httpmime-4.5.3.jar;D:\m2\repository\org\hamcrest\hamcrest\2.1\hamcrest-2.1.jar;D:\m2\repository\org\ccil\cowan\tagsoup\tagsoup\1.2.1\tagsoup-1.2.1.jar;D:\m2\repository\io\rest-assured\json-path\4.2.0\json-path-4.2.0.jar;D:\m2\repository\org\codehaus\groovy\groovy-json\2.5.8\groovy-json-2.5.8.jar;D:\m2\repository\io\rest-assured\rest-assured-common\4.2.0\rest-assured-common-4.2.0.jar;D:\m2\repository\io\rest-assured\xml-path\4.2.0\xml-path-4.2.0.jar;D:\m2\repository\jakarta\xml\bind\jakarta.xml.bind-api\2.3.2\jakarta.xml.bind-api-2.3.2.jar;D:\m2\repository\jakarta\activation\jakarta.activation-api\1.2.1\jakarta.activation-api-1.2.1.jar;D:\m2\repository\com\sun\xml\bind\jaxb-osgi\2.3.0.1\jaxb-osgi-2.3.0.1.jar;D:\m2\repository\org\apache\sling\org.apache.sling.javax.activation\0.1.0\org.apache.sling.javax.activation-0.1.0.jar;D:\m2\repository\javax\activation\activation\1.1.1\activation-1.1.1.jar;D:\m2\repository\org\testng\testng\7.0.0\testng-7.0.0.jar;D:\m2\repository\com\beust\jcommander\1.72\jcommander-1.72.jar;D:\m2\repository\cn\afterturn\easypoi-annotation\4.2.0\easypoi-annotation-4.2.0.jar;D:\m2\repository\cn\afterturn\easypoi-base\4.2.0\easypoi-base-4.2.0.jar;D:\m2\repository\org\apache\poi\poi\4.1.1\poi-4.1.1.jar;D:\m2\repository\org\apache\commons\commons-collections4\4.4\commons-collections4-4.4.jar;D:\m2\repository\org\apache\commons\commons-math3\3.6.1\commons-math3-3.6.1.jar;D:\m2\repository\org\apache\poi\poi-ooxml\4.1.1\poi-ooxml-4.1.1.jar;D:\m2\repository\org\apache\commons\commons-compress\1.19\commons-compress-1.19.jar;D:\m2\repository\com\github\virtuald\curvesapi\1.06\curvesapi-1.06.jar;D:\m2\repository\org\apache\poi\poi-ooxml-schemas\4.1.1\poi-ooxml-schemas-4.1.1.jar;D:\m2\repository\org\apache\xmlbeans\xmlbeans\3.1.0\xmlbeans-3.1.0.jar;D:\m2\repository\com\google\guava\guava\16.0.1\guava-16.0.1.jar;D:\m2\repository\org\apache\commons\commons-lang3\3.2.1\commons-lang3-3.2.1.jar;D:\m2\repository\ognl\ognl\3.2.6\ognl-3.2.6.jar;D:\m2\repository\org\javassist\javassist\3.20.0-GA\javassist-3.20.0-GA.jar;D:\m2\repository\org\slf4j\slf4j-api\1.6.1\slf4j-api-1.6.1.jar;D:\m2\repository\javax\validation\validation-api\1.1.0.Final\validation-api-1.1.0.Final.jar;D:\m2\repository\com\alibaba\fastjson\1.2.58\fastjson-1.2.58.jar;D:\m2\repository\mysql\mysql-connector-java\5.1.38\mysql-connector-java-5.1.38.jar;D:\m2\repository\commons-dbutils\commons-dbutils\1.6\commons-dbutils-1.6.jar;D:\m2\repository\io\qameta\allure\allure-testng\2.12.1\allure-testng-2.12.1.jar;D:\m2\repository\io\qameta\allure\allure-java-commons\2.12.1\allure-java-commons-2.12.1.jar;D:\m2\repository\io\qameta\allure\allure-model\2.12.1\allure-model-2.12.1.jar;D:\m2\repository\com\fasterxml\jackson\core\jackson-databind\2.9.8\jackson-databind-2.9.8.jar;D:\m2\repository\com\fasterxml\jackson\core\jackson-annotations\2.9.0\jackson-annotations-2.9.0.jar;D:\m2\repository\com\fasterxml\jackson\core\jackson-core\2.9.8\jackson-core-2.9.8.jar;D:\m2\repository\org\apache\tika\tika-core\1.20\tika-core-1.20.jar;D:\m2\repository\org\jooq\joor-java-8\0.9.10\joor-java-8-0.9.10.jar;D:\m2\repository\com\rsa\rsa\1.0\rsa-1.0.jar;"/>
    <property name="sun.cpu.endian" value="little"/>
    <property name="allure.results.directory" value="D:\lemon\lemon_class\APIcode\Myapiproject\target/allure-results"/>
    <property name="user.home" value="C:\Users\PennSun"/>
    <property name="user.language" value="zh"/>
    <property name="java.specification.vendor" value="Oracle Corporation"/>
    <property name="java.home" value="C:\Program Files\Java\jdk1.8.0_231\jre"/>
    <property name="basedir" value="D:\lemon\lemon_class\APIcode\Myapiproject"/>
    <property name="file.separator" value="\"/>
    <property name="line.separator" value="&#10;"/>
    <property name="java.vm.specification.vendor" value="Oracle Corporation"/>
    <property name="java.specification.name" value="Java Platform API Specification"/>
    <property name="java.awt.graphicsenv" value="sun.awt.Win32GraphicsEnvironment"/>
    <property name="surefire.real.class.path" value="C:\Users\PennSun\AppData\Local\Temp\surefire1844706745856452113\surefirebooter2668829091819790819.jar;D:\m2\repository/org/aspectj/aspectjweaver/1.8.10/aspectjweaver-1.8.10.jar"/>
    <property name="sun.boot.class.path" value="C:\Program Files\Java\jdk1.8.0_231\jre\lib\resources.jar;C:\Program Files\Java\jdk1.8.0_231\jre\lib\rt.jar;C:\Program Files\Java\jdk1.8.0_231\jre\lib\sunrsasign.jar;C:\Program Files\Java\jdk1.8.0_231\jre\lib\jsse.jar;C:\Program Files\Java\jdk1.8.0_231\jre\lib\jce.jar;C:\Program Files\Java\jdk1.8.0_231\jre\lib\charsets.jar;C:\Program Files\Java\jdk1.8.0_231\jre\lib\jfr.jar;C:\Program Files\Java\jdk1.8.0_231\jre\classes"/>
    <property name="user.script" value=""/>
    <property name="sun.management.compiler" value="HotSpot 64-Bit Tiered Compilers"/>
    <property name="java.runtime.version" value="1.8.0_231-b11"/>
    <property name="user.name" value="PennSun"/>
    <property name="path.separator" value=";"/>
    <property name="os.version" value="10.0"/>
    <property name="java.endorsed.dirs" value="C:\Program Files\Java\jdk1.8.0_231\jre\lib\endorsed"/>
    <property name="java.runtime.name" value="Java(TM) SE Runtime Environment"/>
    <property name="file.encoding" value="UTF-8"/>
    <property name="java.vm.name" value="Java HotSpot(TM) 64-Bit Server VM"/>
    <property name="localRepository" value="D:\m2\repository"/>
    <property name="java.vendor.url.bug" value="http://bugreport.sun.com/bugreport/"/>
    <property name="java.io.tmpdir" value="C:\Users\PennSun\AppData\Local\Temp\"/>
    <property name="java.version" value="1.8.0_231"/>
    <property name="user.dir" value="D:\lemon\lemon_class\APIcode\Myapiproject"/>
    <property name="os.arch" value="amd64"/>
    <property name="java.vm.specification.name" value="Java Virtual Machine Specification"/>
    <property name="java.awt.printerjob" value="sun.awt.windows.WPrinterJob"/>
    <property name="sun.os.patch.level" value=""/>
    <property name="java.library.path" value="C:\Program Files\Java\jdk1.8.0_231\jre\bin;C:\Windows\Sun\Java\bin;C:\Windows\system32;C:\Windows;C:\Program Files (x86)\Common Files\Oracle\Java\javapath;C:\Program Files\Java\jdk1.8.0_231\bin;C:\Program Files\Java\jdk1.8.0_231\jre\bin;D:\lemon\lemon_class\Maven\bin;C:\Windows\system32;C:\Windows;C:\Windows\System32\Wbem;C:\Windows\System32\WindowsPowerShell\v1.0\;C:\Windows\System32\OpenSSH\;D:\Program Files\nodejs\;D:\Program Files\TortoiseSVN\bin;D:\Program Files\VisualSVN Server\bin;D:\Program Files\Git\cmd;D:\Program Files\Netsarang\Xftp 7\;D:\Program Files (x86)\NetSarang\Xshell 7\;C:\Users\PennSun\AppData\Local\Microsoft\WindowsApps;C:\Users\PennSun\AppData\Roaming\npm;D:\Program Files\JetBrains\IntelliJ IDEA 2021.1\bin;."/>
    <property name="java.vm.info" value="mixed mode"/>
    <property name="java.vendor" value="Oracle Corporation"/>
    <property name="java.vm.version" value="25.231-b11"/>
    <property name="java.ext.dirs" value="C:\Program Files\Java\jdk1.8.0_231\jre\lib\ext;C:\Windows\Sun\Java\lib\ext"/>
    <property name="sun.io.unicode.encoding" value="UnicodeLittle"/>
    <property name="java.class.version" value="52.0"/>
  </properties>
  <testcase name="testLogin" classname="teststeps.LoginTest" time="0.453"/>
  <testcase name="testLogin" classname="teststeps.LoginTest" time="0.172"/>
  <testcase name="testLogin" classname="teststeps.LoginTest" time="0.172"/>
  <testcase name="testLogin" classname="teststeps.LoginTest" time="0.172"/>
  <testcase name="testLogin" classname="teststeps.LoginTest" time="0.187"/>
  <testcase name="testLogin" classname="teststeps.LoginTest" time="0.172"/>
  <testcase name="testLogin" classname="teststeps.LoginTest" time="0.391"/>
  <testcase name="testLogin" classname="teststeps.LoginTest" time="0.187"/>
  <testcase name="testLogin" classname="teststeps.LoginTest" time="0.141"/>
  <testcase name="testLogin" classname="teststeps.LoginTest" time="0.406"/>
  <testcase name="testLogin" classname="teststeps.LoginTest" time="0.343"/>
  <testcase name="testLogin" classname="teststeps.LoginTest" time="0.407"/>
  <testcase name="testLogin" classname="teststeps.LoginTest" time="0.406"/>
  <testcase name="testNewLoan" classname="teststeps.NewLoanTest" time="0.374"/>
  <testcase name="testNewLoan" classname="teststeps.NewLoanTest" time="0.313"/>
  <testcase name="testNewLoan" classname="teststeps.NewLoanTest" time="0.296">
    <failure message="expected [2] but found [5]" type="java.lang.AssertionError">java.lang.AssertionError: expected [2] but found [5]
	at teststeps.NewLoanTest.testNewLoan(NewLoanTest.java:58)
</failure>
    <system-out><![CDATA[Debug message is msg
Debug message is data.loan_date_type
Debug message is data.loan_term
Debug message is data.title
Debug message is code
Debug message is data.amount
Debug message is data.status
Debug message is data.bidding_days
]]></system-out>
  </testcase>
  <testcase name="testNewLoan" classname="teststeps.NewLoanTest" time="0.687">
    <failure message="expected [6] but found [5]" type="java.lang.AssertionError">java.lang.AssertionError: expected [6] but found [5]
	at teststeps.NewLoanTest.testNewLoan(NewLoanTest.java:58)
</failure>
    <system-out><![CDATA[Debug message is msg
Debug message is data.loan_date_type
Debug message is data.loan_term
Debug message is data.title
Debug message is code
Debug message is data.amount
Debug message is data.status
Debug message is data.bidding_days
]]></system-out>
  </testcase>
  <testcase name="testNewLoan" classname="teststeps.NewLoanTest" time="0.016"/>
  <testcase name="testNewLoan" classname="teststeps.NewLoanTest" time="0.125"/>
  <testcase name="testNewLoan" classname="teststeps.NewLoanTest" time="0.156"/>
  <testcase name="testNewLoan" classname="teststeps.NewLoanTest" time="0.203"/>
  <testcase name="testNewLoan" classname="teststeps.NewLoanTest" time="0.141"/>
  <testcase name="testNewLoan" classname="teststeps.NewLoanTest" time="0.14"/>
  <testcase name="testNewLoan" classname="teststeps.NewLoanTest" time="0.188"/>
  <testcase name="testNewLoan" classname="teststeps.NewLoanTest" time="0.172"/>
  <testcase name="testNewLoan" classname="teststeps.NewLoanTest" time="0.124"/>
  <testcase name="testNewLoan" classname="teststeps.NewLoanTest" time="0.157"/>
  <testcase name="testNewLoan" classname="teststeps.NewLoanTest" time="0.125"/>
  <testcase name="testNewLoan" classname="teststeps.NewLoanTest" time="0.14"/>
  <testcase name="testNewLoan" classname="teststeps.NewLoanTest" time="0.156"/>
  <testcase name="testNewLoan" classname="teststeps.NewLoanTest" time="0.188"/>
  <testcase name="testNewLoan" classname="teststeps.NewLoanTest" time="0.187"/>
  <testcase name="testNewLoan" classname="teststeps.NewLoanTest" time="0.172"/>
  <testcase name="testNewLoan" classname="teststeps.NewLoanTest" time="0.125"/>
  <testcase name="testNewLoan" classname="teststeps.NewLoanTest" time="0.203"/>
  <testcase name="testNewLoan" classname="teststeps.NewLoanTest" time="0.188"/>
  <testcase name="testNewLoan" classname="teststeps.NewLoanTest" time="0.187"/>
  <testcase name="testNewLoan" classname="teststeps.NewLoanTest" time="0.219"/>
  <testcase name="testRecharge" classname="teststeps.RechargeTest" time="0.265"/>
  <testcase name="testRecharge" classname="teststeps.RechargeTest" time="0.14"/>
</testsuite>