<?xml version="1.0" encoding="UTF-8"?>
<!-- Generated by org.testng.reporters.JUnitReportReporter -->
<testsuite skipped="0" hostname="DESKTOP-08BI0FN" name="teststeps.LoginTest" tests="13" failures="0" timestamp="2021-05-04T22:53:05 CST" time="3.593" errors="0">
  <testcase name="testLogin" time="0.156" classname="teststeps.LoginTest"/>
  <testcase name="testLogin" time="0.391" classname="teststeps.LoginTest"/>
  <testcase name="testLogin" time="0.187" classname="teststeps.LoginTest"/>
  <testcase name="testLogin" time="0.406" classname="teststeps.LoginTest"/>
  <testcase name="testLogin" time="0.172" classname="teststeps.LoginTest"/>
  <testcase name="testLogin" time="0.187" classname="teststeps.LoginTest"/>
  <testcase name="testLogin" time="0.453" classname="teststeps.LoginTest"/>
  <testcase name="testLogin" time="0.172" classname="teststeps.LoginTest"/>
  <testcase name="testLogin" time="0.390" classname="teststeps.LoginTest"/>
  <testcase name="testLogin" time="0.172" classname="teststeps.LoginTest"/>
  <testcase name="testLogin" time="0.141" classname="teststeps.LoginTest"/>
  <testcase name="testLogin" time="0.359" classname="teststeps.LoginTest"/>
  <testcase name="testLogin" time="0.407" classname="teststeps.LoginTest"/>
</testsuite> <!-- teststeps.LoginTest -->
