<?xml version="1.0" encoding="UTF-8"?>
<!-- Generated by org.testng.reporters.JUnitReportReporter -->
<testsuite skipped="0" hostname="DESKTOP-08BI0FN" name="teststeps.RechargeTest" tests="2" failures="0" timestamp="2021-05-04T22:53:05 CST" time="0.421" errors="0">
  <testcase name="testRecharge" time="0.265" classname="teststeps.RechargeTest"/>
  <testcase name="testRecharge" time="0.156" classname="teststeps.RechargeTest"/>
</testsuite> <!-- teststeps.RechargeTest -->
